<?xml version="1.0" encoding="UTF-8"?>
<testsuite xmlns:xsi="http://www.w3.org/2001/XMLSchema-instance" xsi:noNamespaceSchemaLocation="https://maven.apache.org/surefire/maven-surefire-plugin/xsd/surefire-test-report-3.0.xsd" version="3.0" name="com.geekbrains.AppTest" time="0.017" tests="2" errors="0" skipped="0" failures="0">
  <properties>
[...]
</properties>
  <testcase name="shouldAnswerWithTrue" classname="com.geekbrains.AppTest" time="0.009">
    <system-out><![CDATA[test1
]]></system-out>
  </testcase>
  <testcase name="shouldAnswerWithTrue2" classname="com.geekbrains.AppTest" time="0.001">
    <system-out><![CDATA[test2
]]></system-out>
  </testcase>
</testsuite>